Traceback (most recent call last):
  File "/home/mfvargas/miniconda3/envs/gf0657-2024-ii/lib/python3.12/site-packages/jupyter_cache/executors/utils.py", line 58, in single_nb_execution
    executenb(
  File "/home/mfvargas/miniconda3/envs/gf0657-2024-ii/lib/python3.12/site-packages/nbclient/client.py", line 1314, in execute
    return NotebookClient(nb=nb, resources=resources, km=km, **kwargs).execute()
           ^^^^^^^^^^^^^^^^^^^^^^^^^^^^^^^^^^^^^^^^^^^^^^^^^^^^^^^^^^^^^^^^^^^^^
  File "/home/mfvargas/miniconda3/envs/gf0657-2024-ii/lib/python3.12/site-packages/jupyter_core/utils/__init__.py", line 165, in wrapped
    return loop.run_until_complete(inner)
           ^^^^^^^^^^^^^^^^^^^^^^^^^^^^^^
  File "/home/mfvargas/miniconda3/envs/gf0657-2024-ii/lib/python3.12/asyncio/base_events.py", line 687, in run_until_complete
    return future.result()
           ^^^^^^^^^^^^^^^
  File "/home/mfvargas/miniconda3/envs/gf0657-2024-ii/lib/python3.12/site-packages/nbclient/client.py", line 709, in async_execute
    await self.async_execute_cell(
  File "/home/mfvargas/miniconda3/envs/gf0657-2024-ii/lib/python3.12/site-packages/nbclient/client.py", line 1062, in async_execute_cell
    await self._check_raise_for_error(cell, cell_index, exec_reply)
  File "/home/mfvargas/miniconda3/envs/gf0657-2024-ii/lib/python3.12/site-packages/nbclient/client.py", line 918, in _check_raise_for_error
    raise CellExecutionError.from_cell_and_msg(cell, exec_reply_content)
nbclient.exceptions.CellExecutionError: An error occurred while executing the following cell:
------------------
# Lectura de datos de países de Natural Earth,
# uno de los conjuntos de datos de ejemplo incluídos en geopandas

paises = gpd.read_file(gpd.datasets.get_path('naturalearth_lowres'))

# Visualización de los datos
paises
------------------


[0;31m---------------------------------------------------------------------------[0m
[0;31mAttributeError[0m                            Traceback (most recent call last)
Cell [0;32mIn[3], line 4[0m
[1;32m      1[0m [38;5;66;03m# Lectura de datos de países de Natural Earth,[39;00m
[1;32m      2[0m [38;5;66;03m# uno de los conjuntos de datos de ejemplo incluídos en geopandas[39;00m
[0;32m----> 4[0m paises [38;5;241m=[39m gpd[38;5;241m.[39mread_file([43mgpd[49m[38;5;241;43m.[39;49m[43mdatasets[49m[38;5;241;43m.[39;49m[43mget_path[49m[43m([49m[38;5;124;43m'[39;49m[38;5;124;43mnaturalearth_lowres[39;49m[38;5;124;43m'[39;49m[43m)[49m)
[1;32m      6[0m [38;5;66;03m# Visualización de los datos[39;00m
[1;32m      7[0m paises

File [0;32m~/miniconda3/envs/gf0657-2024-ii/lib/python3.12/site-packages/geopandas/datasets/__init__.py:18[0m, in [0;36mget_path[0;34m(dataset)[0m
[1;32m     12[0m error_msg [38;5;241m=[39m (
[1;32m     13[0m     [38;5;124m"[39m[38;5;124mThe geopandas.dataset has been deprecated and was removed in GeoPandas [39m[38;5;124m"[39m
[1;32m     14[0m     [38;5;124mf[39m[38;5;124m"[39m[38;5;124m1.0. You can get the original [39m[38;5;124m'[39m[38;5;132;01m{[39;00mdataset[38;5;132;01m}[39;00m[38;5;124m'[39m[38;5;124m data from [39m[38;5;124m"[39m
[1;32m     15[0m     [38;5;124mf[39m[38;5;124m"[39m[38;5;132;01m{[39;00mne_message[38;5;250m [39m[38;5;28;01mif[39;00m[38;5;250m [39m[38;5;124m'[39m[38;5;124mnatural[39m[38;5;124m'[39m[38;5;250m [39m[38;5;129;01min[39;00m[38;5;250m [39mdataset[38;5;250m [39m[38;5;28;01melse[39;00m[38;5;250m [39mnybb_message[38;5;132;01m}[39;00m[38;5;124m"[39m
[1;32m     16[0m )
[1;32m     17[0m [38;5;28;01mif[39;00m dataset [38;5;129;01min[39;00m _prev_available:
[0;32m---> 18[0m     [38;5;28;01mraise[39;00m [38;5;167;01mAttributeError[39;00m(error_msg)
[1;32m     19[0m [38;5;28;01melse[39;00m:
[1;32m     20[0m     error_msg [38;5;241m=[39m (
[1;32m     21[0m         [38;5;124m"[39m[38;5;124mThe geopandas.dataset has been deprecated and [39m[38;5;124m"[39m
[1;32m     22[0m         [38;5;124m"[39m[38;5;124mwas removed in GeoPandas 1.0. New sample datasets are now available [39m[38;5;124m"[39m
[1;32m     23[0m         [38;5;124m"[39m[38;5;124min the geodatasets package (https://geodatasets.readthedocs.io/en/latest/)[39m[38;5;124m"[39m
[1;32m     24[0m     )

[0;31mAttributeError[0m: The geopandas.dataset has been deprecated and was removed in GeoPandas 1.0. You can get the original 'naturalearth_lowres' data from https://www.naturalearthdata.com/downloads/110m-cultural-vectors/.

