Traceback (most recent call last):
  File "/home/mfvargas/miniconda3/envs/gf0657-2024-ii/lib/python3.12/site-packages/jupyter_cache/executors/utils.py", line 58, in single_nb_execution
    executenb(
  File "/home/mfvargas/miniconda3/envs/gf0657-2024-ii/lib/python3.12/site-packages/nbclient/client.py", line 1314, in execute
    return NotebookClient(nb=nb, resources=resources, km=km, **kwargs).execute()
           ^^^^^^^^^^^^^^^^^^^^^^^^^^^^^^^^^^^^^^^^^^^^^^^^^^^^^^^^^^^^^^^^^^^^^
  File "/home/mfvargas/miniconda3/envs/gf0657-2024-ii/lib/python3.12/site-packages/jupyter_core/utils/__init__.py", line 165, in wrapped
    return loop.run_until_complete(inner)
           ^^^^^^^^^^^^^^^^^^^^^^^^^^^^^^
  File "/home/mfvargas/miniconda3/envs/gf0657-2024-ii/lib/python3.12/asyncio/base_events.py", line 687, in run_until_complete
    return future.result()
           ^^^^^^^^^^^^^^^
  File "/home/mfvargas/miniconda3/envs/gf0657-2024-ii/lib/python3.12/site-packages/nbclient/client.py", line 709, in async_execute
    await self.async_execute_cell(
  File "/home/mfvargas/miniconda3/envs/gf0657-2024-ii/lib/python3.12/site-packages/nbclient/client.py", line 1062, in async_execute_cell
    await self._check_raise_for_error(cell, cell_index, exec_reply)
  File "/home/mfvargas/miniconda3/envs/gf0657-2024-ii/lib/python3.12/site-packages/nbclient/client.py", line 918, in _check_raise_for_error
    raise CellExecutionError.from_cell_and_msg(cell, exec_reply_content)
nbclient.exceptions.CellExecutionError: An error occurred while executing the following cell:
------------------
# Configuración de pandas para mostrar separadores de miles y 2 dígitos decimales
# Esto también evita la notación científica

pd.set_option('display.float_format', '{:,.2f}'.format)
------------------


[0;31m---------------------------------------------------------------------------[0m
[0;31mNameError[0m                                 Traceback (most recent call last)
Cell [0;32mIn[2], line 4[0m
[1;32m      1[0m [38;5;66;03m# Configuración de pandas para mostrar separadores de miles y 2 dígitos decimales[39;00m
[1;32m      2[0m [38;5;66;03m# Esto también evita la notación científica[39;00m
[0;32m----> 4[0m [43mpd[49m[38;5;241m.[39mset_option([38;5;124m'[39m[38;5;124mdisplay.float_format[39m[38;5;124m'[39m, [38;5;124m'[39m[38;5;132;01m{:,.2f}[39;00m[38;5;124m'[39m[38;5;241m.[39mformat)

[0;31mNameError[0m: name 'pd' is not defined

